<?xml version="1.0" encoding="UTF-8"?>
<testsuite xmlns:xsi="http://www.w3.org/2001/XMLSchema-instance" xsi:noNamespaceSchemaLocation="https://maven.apache.org/surefire/maven-surefire-plugin/xsd/surefire-test-report.xsd" name="ProductManagerTest" time="0.167" tests="6" errors="0" skipped="0" failures="0">
  <properties>
[...]
</properties>
  <testcase name="fifthTest" classname="ProductManagerTest" time="0.097"/>
  <testcase name="sixthTest" classname="ProductManagerTest" time="0"/>
  <testcase name="thirdTest" classname="ProductManagerTest" time="0"/>
  <testcase name="firstTest" classname="ProductManagerTest" time="0"/>
  <testcase name="secondTest" classname="ProductManagerTest" time="0"/>
  <testcase name="fourthTest" classname="ProductManagerTest" time="0"/>
</testsuite>